# project  configured on Sat Apr  2 13:33:54 2016 by
# waf 1.7.11 (abi 98, python 2070af0 on linux2)
# using /home/deverett/.pebble-sdk/SDKs/current/sdk-core/pebble/waf configure
#
----------------------------------------
Setting top to
/home/deverett/budget_tracker
----------------------------------------
Setting out to
/home/deverett/budget_tracker/build
----------------------------------------
Found Pebble SDK for basalt in:
/home/deverett/.pebble-sdk/SDKs/current/sdk-core/pebble/basalt
----------------------------------------
Checking for program gcc,cc
arm-none-eabi-gcc
find program=['gcc', 'cc'] paths='' var='CC' -> 'arm-none-eabi-gcc'
----------------------------------------
Checking for program ar
arm-none-eabi-gcc-ar
find program=['ar'] paths='' var='AR' -> 'arm-none-eabi-gcc-ar'
